[     886ms] [INFO] %cDownload the React DevTools for a better development experience: https://react.dev/link/react-devtools font-weight:bold @ http://localhost:3001/_next/static/chunks/node_modules_next_dist_b0daae9a._.js:1706
[    1729ms] [WARNING] Image with src "https://image.tmdb.org/t/p/w1280//3ooXDVaz4xHKtwe4lkmF1gNopOC.jpg" was detected as the Largest Contentful Paint (LCP). Please add the "priority" property if this image is above the fold.
Read more: https://nextjs.org/docs/api-reference/next/image#priority @ http://localhost:3001/_next/static/chunks/node_modules_next_dist_b0daae9a._.js:1706
[   46580ms] [LOG] [Fast Refresh] rebuilding @ http://localhost:3001/_next/static/chunks/node_modules_next_dist_b0daae9a._.js:1706
[   47211ms] [LOG] [Fast Refresh] done in 732ms @ http://localhost:3001/_next/static/chunks/node_modules_next_dist_b0daae9a._.js:1706
[   47312ms] [LOG] [Fast Refresh] rebuilding @ http://localhost:3001/_next/static/chunks/node_modules_next_dist_b0daae9a._.js:1706
[   47914ms] [LOG] [Fast Refresh] done in 702ms @ http://localhost:3001/_next/static/chunks/node_modules_next_dist_b0daae9a._.js:1706
[   48015ms] [LOG] [Fast Refresh] rebuilding @ http://localhost:3001/_next/static/chunks/node_modules_next_dist_b0daae9a._.js:1706
[   48109ms] [LOG] [Fast Refresh] done in 194ms @ http://localhost:3001/_next/static/chunks/node_modules_next_dist_b0daae9a._.js:1706
[   57846ms] [LOG] [Fast Refresh] rebuilding @ http://localhost:3001/_next/static/chunks/node_modules_next_dist_b0daae9a._.js:1706
[   58557ms] [LOG] [Fast Refresh] done in 812ms @ http://localhost:3001/_next/static/chunks/node_modules_next_dist_b0daae9a._.js:1706
[   58658ms] [LOG] [Fast Refresh] rebuilding @ http://localhost:3001/_next/static/chunks/node_modules_next_dist_b0daae9a._.js:1706
[   58725ms] [LOG] [Fast Refresh] done in 167ms @ http://localhost:3001/_next/static/chunks/node_modules_next_dist_b0daae9a._.js:1706
[   60203ms] [LOG] [Fast Refresh] rebuilding @ http://localhost:3001/_next/static/chunks/node_modules_next_dist_b0daae9a._.js:1706
[   60399ms] [LOG] [Fast Refresh] done in 296ms @ http://localhost:3001/_next/static/chunks/node_modules_next_dist_b0daae9a._.js:1706
[   70338ms] [LOG] [Fast Refresh] rebuilding @ http://localhost:3001/_next/static/chunks/node_modules_next_dist_b0daae9a._.js:1706
[   70797ms] [LOG] [Fast Refresh] done in 561ms @ http://localhost:3001/_next/static/chunks/node_modules_next_dist_b0daae9a._.js:1706
[   70899ms] [LOG] [Fast Refresh] rebuilding @ http://localhost:3001/_next/static/chunks/node_modules_next_dist_b0daae9a._.js:1706
[   70937ms] [LOG] [Fast Refresh] done in 140ms @ http://localhost:3001/_next/static/chunks/node_modules_next_dist_b0daae9a._.js:1706
[   82059ms] [LOG] [Fast Refresh] rebuilding @ http://localhost:3001/_next/static/chunks/node_modules_next_dist_b0daae9a._.js:1706
[   82616ms] [LOG] [Fast Refresh] done in 659ms @ http://localhost:3001/_next/static/chunks/node_modules_next_dist_b0daae9a._.js:1706
[   82718ms] [LOG] [Fast Refresh] rebuilding @ http://localhost:3001/_next/static/chunks/node_modules_next_dist_b0daae9a._.js:1706
[   82791ms] [LOG] [Fast Refresh] done in 175ms @ http://localhost:3001/_next/static/chunks/node_modules_next_dist_b0daae9a._.js:1706
[  132411ms] [LOG] [Fast Refresh] rebuilding @ http://localhost:3001/_next/static/chunks/node_modules_next_dist_b0daae9a._.js:1706
[  133345ms] [LOG] [Fast Refresh] done in 891ms @ http://localhost:3001/_next/static/chunks/node_modules_next_dist_b0daae9a._.js:1706
[  134837ms] [LOG] [Fast Refresh] rebuilding @ http://localhost:3001/_next/static/chunks/node_modules_next_dist_b0daae9a._.js:1706
[  134849ms] [LOG] [Fast Refresh] done in 113ms @ http://localhost:3001/_next/static/chunks/node_modules_next_dist_b0daae9a._.js:1706
[  151307ms] [LOG] [Fast Refresh] rebuilding @ http://localhost:3001/_next/static/chunks/node_modules_next_dist_b0daae9a._.js:1706
[  151344ms] [LOG] [Fast Refresh] done in 137ms @ http://localhost:3001/_next/static/chunks/node_modules_next_dist_b0daae9a._.js:1706
[  157040ms] [LOG] [Fast Refresh] rebuilding @ http://localhost:3001/_next/static/chunks/node_modules_next_dist_b0daae9a._.js:1706
[  157624ms] [LOG] [Fast Refresh] done in 685ms @ http://localhost:3001/_next/static/chunks/node_modules_next_dist_b0daae9a._.js:1706
[  157725ms] [LOG] [Fast Refresh] rebuilding @ http://localhost:3001/_next/static/chunks/node_modules_next_dist_b0daae9a._.js:1706
[  157782ms] [LOG] [Fast Refresh] done in 157ms @ http://localhost:3001/_next/static/chunks/node_modules_next_dist_b0daae9a._.js:1706
[  157882ms] [LOG] [Fast Refresh] rebuilding @ http://localhost:3001/_next/static/chunks/node_modules_next_dist_b0daae9a._.js:1706
[  157931ms] [LOG] [Fast Refresh] done in 148ms @ http://localhost:3001/_next/static/chunks/node_modules_next_dist_b0daae9a._.js:1706
[  171458ms] [LOG] [Fast Refresh] rebuilding @ http://localhost:3001/_next/static/chunks/node_modules_next_dist_b0daae9a._.js:1706
[  171534ms] [LOG] [Fast Refresh] done in 177ms @ http://localhost:3001/_next/static/chunks/node_modules_next_dist_b0daae9a._.js:1706
